<?xml version="1.0" encoding="UTF-8"?>
<testsuite xmlns:xsi="http://www.w3.org/2001/XMLSchema-instance" xsi:noNamespaceSchemaLocation="https://maven.apache.org/surefire/maven-surefire-plugin/xsd/surefire-test-report-3.0.xsd" version="3.0" name="TestRunner" time="74.963" tests="1" errors="0" skipped="0" failures="0">
  <properties>
[...]
</properties>
  <testcase name="Déconnexion réussie de l&apos;espace Amazon" classname="Déconnexion de l&apos;espace Amazon" time="74.344">
    <system-out><![CDATA[
@logout @logoutAmazon
Scenario: Déconnexion réussie de l'espace Amazon                                              # src/spec/features/logout/logout.feature:22
  Given je me connecte sur l'application                                                      # authentification.AuthentificationStepDefinition.jeMeConnecteSurLApplication()
  And j'accepte les cookies                                                                   # authentification.AuthentificationStepDefinition.jAccepteLesCookies()
  When je clique sur identifiez vous                                                          # authentification.AuthentificationStepDefinition.jeCliqueSurIdentifiezVous()
  And je saisi l'email  "qatest207@gmail.com"                                                 # authentification.AuthentificationStepDefinition.jeSaisiLEmail(java.lang.String)
  And je clique sur le bouton Continuer                                                       # authentification.AuthentificationStepDefinition.jeCliqueSurLeBoutonContinuer()
  And je saisi le mot de passe "2015.codeamazon"                                              # authentification.AuthentificationStepDefinition.jeSaisiLeMotDePasse(java.lang.String)
  And je clique sur le bouton S'identifier                                                    # authentification.AuthentificationStepDefinition.jeCliqueSurLeBoutonSIdentifier()
  Then je me redirige vers la page d'accueil de client et "Bonjour TEST" s'affiche            # authentification.AuthentificationStepDefinition.jeMeRedirigeVersLaPageDAccueilDeClientEtSAffiche(java.lang.String)
  When Cliquer sur la liste déroulante « Toutes nos catégories »                              # searchProduct.SearchStepDefinition.cliquerSurLaListeDéroulanteToutesNosCatégories()
  And je sélectionne la catégorie «Jeux et Jouets» depuis le menu déroulant                   # searchProduct.SearchStepDefinition.jeSélectionneLaCatégorieJeuxEtJouetsDepuisLeMenuDéroulant()
  And j'entre "NBA 2K24 PS4" dans la barre de recherche                                       # searchProduct.SearchStepDefinition.jEntreDansLaBarreDeRecherche(java.lang.String)
  And je clique sur le bouton de recherche                                                    # searchProduct.SearchStepDefinition.jeCliqueSurLeBoutonDeRecherche()
  Then Les résultats de recherche devraient s'afficher "NBA 2K24 Édition Black Mamba - PS4"   # searchProduct.SearchStepDefinition.lesRésultatsDeRechercheDevraientSAfficher(java.lang.String)
  When je fais un mouse hoover sur l'icône «Bonjour TEST Comptes et listes»                   # logout.LogoutStepDefinition.jeFaisUnMouseHooverSurLIcôneBonjourTESTComptesEtListes()
  And je clique sur Déconnexion                                                               # logout.LogoutStepDefinition.jeCliqueSurDéconnexion()
  Then je devrais être déconnecté et redirigé vers la page de connexion Amazon "S'identifier" # logout.LogoutStepDefinition.jeDevraisÊtreDéconnectéEtRedirigéVersLaPageDeConnexionAmazon(java.lang.String)
Taking screenshot if the scenario fails
]]></system-out>
    <system-err><![CDATA[Starting ChromeDriver 115.0.5762.4 (25e1634e093f19038c506bd6cb210082d7c2fcd3-refs/branch-heads/5762@{#6}) on port 28913
Only local connections are allowed.
Please see https://chromedriver.chromium.org/security-considerations for suggestions on keeping ChromeDriver safe.
ChromeDriver was started successfully.
Starting ChromeDriver 115.0.5762.4 (25e1634e093f19038c506bd6cb210082d7c2fcd3-refs/branch-heads/5762@{#6}) on port 2021
Only local connections are allowed.
Please see https://chromedriver.chromium.org/security-considerations for suggestions on keeping ChromeDriver safe.
ChromeDriver was started successfully.
Sep 30, 2023 8:26:34 PM org.openqa.selenium.remote.ProtocolHandshake createSession
INFO: Detected dialect: W3C
]]></system-err>
  </testcase>
</testsuite>